<?xml version="1.0" encoding="UTF-8"?>
<testsuite xmlns:xsi="http://www.w3.org/2001/XMLSchema-instance" xsi:noNamespaceSchemaLocation="https://maven.apache.org/surefire/maven-surefire-plugin/xsd/surefire-test-report.xsd" name="io.github.acgs.cms.token.DoubleJWTTest" time="7.48" tests="1" errors="0" skipped="0" failures="0">
  <properties>
    <property name="java.specification.version" value="15"/>
    <property name="sun.jnu.encoding" value="UTF-8"/>
    <property name="java.class.path" value="/Users/john/ProjectWorkSpace/acgs-cms-spring-cloud/authorization/target/test-classes:/Users/john/ProjectWorkSpace/acgs-cms-spring-cloud/authorization/target/classes:/Users/john/ProjectWorkSpace/acgs-cms-spring-cloud/common/target/common-1.0-SNAPSHOT.jar:/Users/john/.m2/repository/org/springframework/spring-context/5.3.9/spring-context-5.3.9.jar:/Users/john/.m2/repository/org/springframework/spring-aop/5.3.9/spring-aop-5.3.9.jar:/Users/john/.m2/repository/org/springframework/spring-beans/5.3.9/spring-beans-5.3.9.jar:/Users/john/.m2/repository/org/springframework/spring-expression/5.3.9/spring-expression-5.3.9.jar:/Users/john/.m2/repository/org/springframework/cloud/spring-cloud-starter-bootstrap/3.0.4/spring-cloud-starter-bootstrap-3.0.4.jar:/Users/john/.m2/repository/org/springframework/cloud/spring-cloud-starter/3.0.4/spring-cloud-starter-3.0.4.jar:/Users/john/.m2/repository/org/springframework/security/spring-security-rsa/1.0.10.RELEASE/spring-security-rsa-1.0.10.RELEASE.jar:/Users/john/.m2/repository/org/bouncycastle/bcpkix-jdk15on/1.68/bcpkix-jdk15on-1.68.jar:/Users/john/.m2/repository/org/bouncycastle/bcprov-jdk15on/1.68/bcprov-jdk15on-1.68.jar:/Users/john/.m2/repository/org/springframework/cloud/spring-cloud-starter-loadbalancer/3.0.4/spring-cloud-starter-loadbalancer-3.0.4.jar:/Users/john/.m2/repository/org/springframework/cloud/spring-cloud-loadbalancer/3.0.4/spring-cloud-loadbalancer-3.0.4.jar:/Users/john/.m2/repository/io/projectreactor/reactor-core/3.4.9/reactor-core-3.4.9.jar:/Users/john/.m2/repository/org/reactivestreams/reactive-streams/1.0.3/reactive-streams-1.0.3.jar:/Users/john/.m2/repository/io/projectreactor/addons/reactor-extra/3.4.4/reactor-extra-3.4.4.jar:/Users/john/.m2/repository/org/springframework/boot/spring-boot-starter-cache/2.4.10/spring-boot-starter-cache-2.4.10.jar:/Users/john/.m2/repository/org/springframework/spring-context-support/5.3.9/spring-context-support-5.3.9.jar:/Users/john/.m2/repository/com/stoyanr/evictor/1.0.0/evictor-1.0.0.jar:/Users/john/.m2/repository/com/alibaba/cloud/spring-cloud-starter-alibaba-nacos-discovery/2021.1/spring-cloud-starter-alibaba-nacos-discovery-2021.1.jar:/Users/john/.m2/repository/com/alibaba/cloud/spring-cloud-alibaba-commons/2021.1/spring-cloud-alibaba-commons-2021.1.jar:/Users/john/.m2/repository/com/alibaba/nacos/nacos-client/1.4.1/nacos-client-1.4.1.jar:/Users/john/.m2/repository/com/alibaba/nacos/nacos-common/1.4.1/nacos-common-1.4.1.jar:/Users/john/.m2/repository/commons-io/commons-io/2.2/commons-io-2.2.jar:/Users/john/.m2/repository/org/apache/httpcomponents/httpasyncclient/4.1.4/httpasyncclient-4.1.4.jar:/Users/john/.m2/repository/org/apache/httpcomponents/httpcore-nio/4.4.14/httpcore-nio-4.4.14.jar:/Users/john/.m2/repository/com/alibaba/nacos/nacos-api/1.4.1/nacos-api-1.4.1.jar:/Users/john/.m2/repository/com/google/guava/guava/24.1.1-jre/guava-24.1.1-jre.jar:/Users/john/.m2/repository/com/google/code/findbugs/jsr305/1.3.9/jsr305-1.3.9.jar:/Users/john/.m2/repository/org/checkerframework/checker-compat-qual/2.0.0/checker-compat-qual-2.0.0.jar:/Users/john/.m2/repository/com/google/errorprone/error_prone_annotations/2.1.3/error_prone_annotations-2.1.3.jar:/Users/john/.m2/repository/com/google/j2objc/j2objc-annotations/1.1/j2objc-annotations-1.1.jar:/Users/john/.m2/repository/org/codehaus/mojo/animal-sniffer-annotations/1.14/animal-sniffer-annotations-1.14.jar:/Users/john/.m2/repository/commons-codec/commons-codec/1.15/commons-codec-1.15.jar:/Users/john/.m2/repository/io/prometheus/simpleclient/0.5.0/simpleclient-0.5.0.jar:/Users/john/.m2/repository/com/alibaba/spring/spring-context-support/1.0.10/spring-context-support-1.0.10.jar:/Users/john/.m2/repository/org/springframework/cloud/spring-cloud-commons/3.0.4/spring-cloud-commons-3.0.4.jar:/Users/john/.m2/repository/org/springframework/security/spring-security-crypto/5.4.8/spring-security-crypto-5.4.8.jar:/Users/john/.m2/repository/org/springframework/cloud/spring-cloud-context/3.0.4/spring-cloud-context-3.0.4.jar:/Users/john/.m2/repository/com/alibaba/cloud/spring-cloud-starter-alibaba-nacos-config/2021.1/spring-cloud-starter-alibaba-nacos-config-2021.1.jar:/Users/john/.m2/repository/org/mongodb/bson/4.1.2/bson-4.1.2.jar:/Users/john/.m2/repository/org/jetbrains/annotations/22.0.0/annotations-22.0.0.jar:/Users/john/.m2/repository/org/projectlombok/lombok/1.18.20/lombok-1.18.20.jar:/Users/john/ProjectWorkSpace/acgs-cms-spring-cloud/common-feign/target/common-feign-1.0-SNAPSHOT.jar:/Users/john/.m2/repository/org/springframework/cloud/spring-cloud-starter-openfeign/3.0.4/spring-cloud-starter-openfeign-3.0.4.jar:/Users/john/.m2/repository/org/springframework/cloud/spring-cloud-openfeign-core/3.0.4/spring-cloud-openfeign-core-3.0.4.jar:/Users/john/.m2/repository/org/springframework/boot/spring-boot-starter-aop/2.4.10/spring-boot-starter-aop-2.4.10.jar:/Users/john/.m2/repository/org/aspectj/aspectjweaver/1.9.7/aspectjweaver-1.9.7.jar:/Users/john/.m2/repository/io/github/openfeign/form/feign-form-spring/3.8.0/feign-form-spring-3.8.0.jar:/Users/john/.m2/repository/io/github/openfeign/form/feign-form/3.8.0/feign-form-3.8.0.jar:/Users/john/.m2/repository/commons-fileupload/commons-fileupload/1.4/commons-fileupload-1.4.jar:/Users/john/.m2/repository/io/github/openfeign/feign-core/10.12/feign-core-10.12.jar:/Users/john/.m2/repository/io/github/openfeign/feign-slf4j/10.12/feign-slf4j-10.12.jar:/Users/john/.m2/repository/io/github/openfeign/feign-httpclient/10.12/feign-httpclient-10.12.jar:/Users/john/.m2/repository/org/apache/httpcomponents/httpclient/4.5.13/httpclient-4.5.13.jar:/Users/john/.m2/repository/org/apache/httpcomponents/httpcore/4.4.14/httpcore-4.4.14.jar:/Users/john/.m2/repository/org/springframework/boot/spring-boot-starter-web/2.4.10/spring-boot-starter-web-2.4.10.jar:/Users/john/.m2/repository/org/springframework/boot/spring-boot-starter/2.4.10/spring-boot-starter-2.4.10.jar:/Users/john/.m2/repository/org/springframework/boot/spring-boot/2.4.10/spring-boot-2.4.10.jar:/Users/john/.m2/repository/org/springframework/boot/spring-boot-autoconfigure/2.4.10/spring-boot-autoconfigure-2.4.10.jar:/Users/john/.m2/repository/org/springframework/boot/spring-boot-starter-logging/2.4.10/spring-boot-starter-logging-2.4.10.jar:/Users/john/.m2/repository/ch/qos/logback/logback-classic/1.2.5/logback-classic-1.2.5.jar:/Users/john/.m2/repository/ch/qos/logback/logback-core/1.2.5/logback-core-1.2.5.jar:/Users/john/.m2/repository/org/apache/logging/log4j/log4j-to-slf4j/2.13.3/log4j-to-slf4j-2.13.3.jar:/Users/john/.m2/repository/org/apache/logging/log4j/log4j-api/2.13.3/log4j-api-2.13.3.jar:/Users/john/.m2/repository/org/slf4j/jul-to-slf4j/1.7.32/jul-to-slf4j-1.7.32.jar:/Users/john/.m2/repository/jakarta/annotation/jakarta.annotation-api/1.3.5/jakarta.annotation-api-1.3.5.jar:/Users/john/.m2/repository/org/yaml/snakeyaml/1.27/snakeyaml-1.27.jar:/Users/john/.m2/repository/org/springframework/boot/spring-boot-starter-json/2.4.10/spring-boot-starter-json-2.4.10.jar:/Users/john/.m2/repository/com/fasterxml/jackson/datatype/jackson-datatype-jdk8/2.11.4/jackson-datatype-jdk8-2.11.4.jar:/Users/john/.m2/repository/com/fasterxml/jackson/datatype/jackson-datatype-jsr310/2.11.4/jackson-datatype-jsr310-2.11.4.jar:/Users/john/.m2/repository/com/fasterxml/jackson/module/jackson-module-parameter-names/2.11.4/jackson-module-parameter-names-2.11.4.jar:/Users/john/.m2/repository/org/springframework/boot/spring-boot-starter-tomcat/2.4.10/spring-boot-starter-tomcat-2.4.10.jar:/Users/john/.m2/repository/org/apache/tomcat/embed/tomcat-embed-core/9.0.52/tomcat-embed-core-9.0.52.jar:/Users/john/.m2/repository/org/glassfish/jakarta.el/3.0.3/jakarta.el-3.0.3.jar:/Users/john/.m2/repository/org/apache/tomcat/embed/tomcat-embed-websocket/9.0.52/tomcat-embed-websocket-9.0.52.jar:/Users/john/.m2/repository/org/springframework/spring-web/5.3.9/spring-web-5.3.9.jar:/Users/john/.m2/repository/org/springframework/spring-webmvc/5.3.9/spring-webmvc-5.3.9.jar:/Users/john/.m2/repository/org/springframework/boot/spring-boot-configuration-processor/2.4.10/spring-boot-configuration-processor-2.4.10.jar:/Users/john/.m2/repository/org/springframework/boot/spring-boot-starter-test/2.4.10/spring-boot-starter-test-2.4.10.jar:/Users/john/.m2/repository/org/springframework/boot/spring-boot-test/2.4.10/spring-boot-test-2.4.10.jar:/Users/john/.m2/repository/org/springframework/boot/spring-boot-test-autoconfigure/2.4.10/spring-boot-test-autoconfigure-2.4.10.jar:/Users/john/.m2/repository/com/jayway/jsonpath/json-path/2.4.0/json-path-2.4.0.jar:/Users/john/.m2/repository/net/minidev/json-smart/2.3.1/json-smart-2.3.1.jar:/Users/john/.m2/repository/net/minidev/accessors-smart/2.3.1/accessors-smart-2.3.1.jar:/Users/john/.m2/repository/org/ow2/asm/asm/5.0.4/asm-5.0.4.jar:/Users/john/.m2/repository/org/slf4j/slf4j-api/1.7.32/slf4j-api-1.7.32.jar:/Users/john/.m2/repository/jakarta/xml/bind/jakarta.xml.bind-api/2.3.3/jakarta.xml.bind-api-2.3.3.jar:/Users/john/.m2/repository/jakarta/activation/jakarta.activation-api/1.2.2/jakarta.activation-api-1.2.2.jar:/Users/john/.m2/repository/org/assertj/assertj-core/3.18.1/assertj-core-3.18.1.jar:/Users/john/.m2/repository/org/hamcrest/hamcrest/2.2/hamcrest-2.2.jar:/Users/john/.m2/repository/org/junit/jupiter/junit-jupiter/5.7.2/junit-jupiter-5.7.2.jar:/Users/john/.m2/repository/org/junit/jupiter/junit-jupiter-api/5.7.2/junit-jupiter-api-5.7.2.jar:/Users/john/.m2/repository/org/apiguardian/apiguardian-api/1.1.0/apiguardian-api-1.1.0.jar:/Users/john/.m2/repository/org/opentest4j/opentest4j/1.2.0/opentest4j-1.2.0.jar:/Users/john/.m2/repository/org/junit/platform/junit-platform-commons/1.7.2/junit-platform-commons-1.7.2.jar:/Users/john/.m2/repository/org/junit/jupiter/junit-jupiter-params/5.7.2/junit-jupiter-params-5.7.2.jar:/Users/john/.m2/repository/org/junit/jupiter/junit-jupiter-engine/5.7.2/junit-jupiter-engine-5.7.2.jar:/Users/john/.m2/repository/org/junit/platform/junit-platform-engine/1.7.2/junit-platform-engine-1.7.2.jar:/Users/john/.m2/repository/org/mockito/mockito-core/3.6.28/mockito-core-3.6.28.jar:/Users/john/.m2/repository/net/bytebuddy/byte-buddy/1.10.22/byte-buddy-1.10.22.jar:/Users/john/.m2/repository/net/bytebuddy/byte-buddy-agent/1.10.22/byte-buddy-agent-1.10.22.jar:/Users/john/.m2/repository/org/objenesis/objenesis/3.1/objenesis-3.1.jar:/Users/john/.m2/repository/org/mockito/mockito-junit-jupiter/3.6.28/mockito-junit-jupiter-3.6.28.jar:/Users/john/.m2/repository/org/skyscreamer/jsonassert/1.5.0/jsonassert-1.5.0.jar:/Users/john/.m2/repository/com/vaadin/external/google/android-json/0.0.20131108.vaadin1/android-json-0.0.20131108.vaadin1.jar:/Users/john/.m2/repository/org/springframework/spring-core/5.3.9/spring-core-5.3.9.jar:/Users/john/.m2/repository/org/springframework/spring-jcl/5.3.9/spring-jcl-5.3.9.jar:/Users/john/.m2/repository/org/springframework/spring-test/5.3.9/spring-test-5.3.9.jar:/Users/john/.m2/repository/org/xmlunit/xmlunit-core/2.7.0/xmlunit-core-2.7.0.jar:/Users/john/.m2/repository/com/auth0/java-jwt/3.18.3/java-jwt-3.18.3.jar:/Users/john/.m2/repository/com/fasterxml/jackson/core/jackson-databind/2.11.4/jackson-databind-2.11.4.jar:/Users/john/.m2/repository/com/fasterxml/jackson/core/jackson-annotations/2.11.4/jackson-annotations-2.11.4.jar:/Users/john/.m2/repository/com/fasterxml/jackson/core/jackson-core/2.11.4/jackson-core-2.11.4.jar:"/>
    <property name="java.vm.vendor" value="Oracle Corporation"/>
    <property name="sun.arch.data.model" value="64"/>
    <property name="java.vendor.url" value="https://java.oracle.com/"/>
    <property name="os.name" value="Mac OS X"/>
    <property name="java.vm.specification.version" value="15"/>
    <property name="sun.java.launcher" value="SUN_STANDARD"/>
    <property name="user.country" value="CN"/>
    <property name="sun.boot.library.path" value="/Library/Java/JavaVirtualMachines/jdk-15.0.1.jdk/Contents/Home/lib"/>
    <property name="sun.java.command" value="/Users/john/ProjectWorkSpace/acgs-cms-spring-cloud/authorization/target/surefire/surefirebooter83478973901941620.jar /Users/john/ProjectWorkSpace/acgs-cms-spring-cloud/authorization/target/surefire 2022-02-07T20-27-35_788-jvmRun1 surefire18146095787918264259tmp surefire_016880608490844818759tmp"/>
    <property name="http.nonProxyHosts" value="local|*.local|169.254/16|*.169.254/16"/>
    <property name="jdk.debug" value="release"/>
    <property name="surefire.test.class.path" value="/Users/john/ProjectWorkSpace/acgs-cms-spring-cloud/authorization/target/test-classes:/Users/john/ProjectWorkSpace/acgs-cms-spring-cloud/authorization/target/classes:/Users/john/ProjectWorkSpace/acgs-cms-spring-cloud/common/target/common-1.0-SNAPSHOT.jar:/Users/john/.m2/repository/org/springframework/spring-context/5.3.9/spring-context-5.3.9.jar:/Users/john/.m2/repository/org/springframework/spring-aop/5.3.9/spring-aop-5.3.9.jar:/Users/john/.m2/repository/org/springframework/spring-beans/5.3.9/spring-beans-5.3.9.jar:/Users/john/.m2/repository/org/springframework/spring-expression/5.3.9/spring-expression-5.3.9.jar:/Users/john/.m2/repository/org/springframework/cloud/spring-cloud-starter-bootstrap/3.0.4/spring-cloud-starter-bootstrap-3.0.4.jar:/Users/john/.m2/repository/org/springframework/cloud/spring-cloud-starter/3.0.4/spring-cloud-starter-3.0.4.jar:/Users/john/.m2/repository/org/springframework/security/spring-security-rsa/1.0.10.RELEASE/spring-security-rsa-1.0.10.RELEASE.jar:/Users/john/.m2/repository/org/bouncycastle/bcpkix-jdk15on/1.68/bcpkix-jdk15on-1.68.jar:/Users/john/.m2/repository/org/bouncycastle/bcprov-jdk15on/1.68/bcprov-jdk15on-1.68.jar:/Users/john/.m2/repository/org/springframework/cloud/spring-cloud-starter-loadbalancer/3.0.4/spring-cloud-starter-loadbalancer-3.0.4.jar:/Users/john/.m2/repository/org/springframework/cloud/spring-cloud-loadbalancer/3.0.4/spring-cloud-loadbalancer-3.0.4.jar:/Users/john/.m2/repository/io/projectreactor/reactor-core/3.4.9/reactor-core-3.4.9.jar:/Users/john/.m2/repository/org/reactivestreams/reactive-streams/1.0.3/reactive-streams-1.0.3.jar:/Users/john/.m2/repository/io/projectreactor/addons/reactor-extra/3.4.4/reactor-extra-3.4.4.jar:/Users/john/.m2/repository/org/springframework/boot/spring-boot-starter-cache/2.4.10/spring-boot-starter-cache-2.4.10.jar:/Users/john/.m2/repository/org/springframework/spring-context-support/5.3.9/spring-context-support-5.3.9.jar:/Users/john/.m2/repository/com/stoyanr/evictor/1.0.0/evictor-1.0.0.jar:/Users/john/.m2/repository/com/alibaba/cloud/spring-cloud-starter-alibaba-nacos-discovery/2021.1/spring-cloud-starter-alibaba-nacos-discovery-2021.1.jar:/Users/john/.m2/repository/com/alibaba/cloud/spring-cloud-alibaba-commons/2021.1/spring-cloud-alibaba-commons-2021.1.jar:/Users/john/.m2/repository/com/alibaba/nacos/nacos-client/1.4.1/nacos-client-1.4.1.jar:/Users/john/.m2/repository/com/alibaba/nacos/nacos-common/1.4.1/nacos-common-1.4.1.jar:/Users/john/.m2/repository/commons-io/commons-io/2.2/commons-io-2.2.jar:/Users/john/.m2/repository/org/apache/httpcomponents/httpasyncclient/4.1.4/httpasyncclient-4.1.4.jar:/Users/john/.m2/repository/org/apache/httpcomponents/httpcore-nio/4.4.14/httpcore-nio-4.4.14.jar:/Users/john/.m2/repository/com/alibaba/nacos/nacos-api/1.4.1/nacos-api-1.4.1.jar:/Users/john/.m2/repository/com/google/guava/guava/24.1.1-jre/guava-24.1.1-jre.jar:/Users/john/.m2/repository/com/google/code/findbugs/jsr305/1.3.9/jsr305-1.3.9.jar:/Users/john/.m2/repository/org/checkerframework/checker-compat-qual/2.0.0/checker-compat-qual-2.0.0.jar:/Users/john/.m2/repository/com/google/errorprone/error_prone_annotations/2.1.3/error_prone_annotations-2.1.3.jar:/Users/john/.m2/repository/com/google/j2objc/j2objc-annotations/1.1/j2objc-annotations-1.1.jar:/Users/john/.m2/repository/org/codehaus/mojo/animal-sniffer-annotations/1.14/animal-sniffer-annotations-1.14.jar:/Users/john/.m2/repository/commons-codec/commons-codec/1.15/commons-codec-1.15.jar:/Users/john/.m2/repository/io/prometheus/simpleclient/0.5.0/simpleclient-0.5.0.jar:/Users/john/.m2/repository/com/alibaba/spring/spring-context-support/1.0.10/spring-context-support-1.0.10.jar:/Users/john/.m2/repository/org/springframework/cloud/spring-cloud-commons/3.0.4/spring-cloud-commons-3.0.4.jar:/Users/john/.m2/repository/org/springframework/security/spring-security-crypto/5.4.8/spring-security-crypto-5.4.8.jar:/Users/john/.m2/repository/org/springframework/cloud/spring-cloud-context/3.0.4/spring-cloud-context-3.0.4.jar:/Users/john/.m2/repository/com/alibaba/cloud/spring-cloud-starter-alibaba-nacos-config/2021.1/spring-cloud-starter-alibaba-nacos-config-2021.1.jar:/Users/john/.m2/repository/org/mongodb/bson/4.1.2/bson-4.1.2.jar:/Users/john/.m2/repository/org/jetbrains/annotations/22.0.0/annotations-22.0.0.jar:/Users/john/.m2/repository/org/projectlombok/lombok/1.18.20/lombok-1.18.20.jar:/Users/john/ProjectWorkSpace/acgs-cms-spring-cloud/common-feign/target/common-feign-1.0-SNAPSHOT.jar:/Users/john/.m2/repository/org/springframework/cloud/spring-cloud-starter-openfeign/3.0.4/spring-cloud-starter-openfeign-3.0.4.jar:/Users/john/.m2/repository/org/springframework/cloud/spring-cloud-openfeign-core/3.0.4/spring-cloud-openfeign-core-3.0.4.jar:/Users/john/.m2/repository/org/springframework/boot/spring-boot-starter-aop/2.4.10/spring-boot-starter-aop-2.4.10.jar:/Users/john/.m2/repository/org/aspectj/aspectjweaver/1.9.7/aspectjweaver-1.9.7.jar:/Users/john/.m2/repository/io/github/openfeign/form/feign-form-spring/3.8.0/feign-form-spring-3.8.0.jar:/Users/john/.m2/repository/io/github/openfeign/form/feign-form/3.8.0/feign-form-3.8.0.jar:/Users/john/.m2/repository/commons-fileupload/commons-fileupload/1.4/commons-fileupload-1.4.jar:/Users/john/.m2/repository/io/github/openfeign/feign-core/10.12/feign-core-10.12.jar:/Users/john/.m2/repository/io/github/openfeign/feign-slf4j/10.12/feign-slf4j-10.12.jar:/Users/john/.m2/repository/io/github/openfeign/feign-httpclient/10.12/feign-httpclient-10.12.jar:/Users/john/.m2/repository/org/apache/httpcomponents/httpclient/4.5.13/httpclient-4.5.13.jar:/Users/john/.m2/repository/org/apache/httpcomponents/httpcore/4.4.14/httpcore-4.4.14.jar:/Users/john/.m2/repository/org/springframework/boot/spring-boot-starter-web/2.4.10/spring-boot-starter-web-2.4.10.jar:/Users/john/.m2/repository/org/springframework/boot/spring-boot-starter/2.4.10/spring-boot-starter-2.4.10.jar:/Users/john/.m2/repository/org/springframework/boot/spring-boot/2.4.10/spring-boot-2.4.10.jar:/Users/john/.m2/repository/org/springframework/boot/spring-boot-autoconfigure/2.4.10/spring-boot-autoconfigure-2.4.10.jar:/Users/john/.m2/repository/org/springframework/boot/spring-boot-starter-logging/2.4.10/spring-boot-starter-logging-2.4.10.jar:/Users/john/.m2/repository/ch/qos/logback/logback-classic/1.2.5/logback-classic-1.2.5.jar:/Users/john/.m2/repository/ch/qos/logback/logback-core/1.2.5/logback-core-1.2.5.jar:/Users/john/.m2/repository/org/apache/logging/log4j/log4j-to-slf4j/2.13.3/log4j-to-slf4j-2.13.3.jar:/Users/john/.m2/repository/org/apache/logging/log4j/log4j-api/2.13.3/log4j-api-2.13.3.jar:/Users/john/.m2/repository/org/slf4j/jul-to-slf4j/1.7.32/jul-to-slf4j-1.7.32.jar:/Users/john/.m2/repository/jakarta/annotation/jakarta.annotation-api/1.3.5/jakarta.annotation-api-1.3.5.jar:/Users/john/.m2/repository/org/yaml/snakeyaml/1.27/snakeyaml-1.27.jar:/Users/john/.m2/repository/org/springframework/boot/spring-boot-starter-json/2.4.10/spring-boot-starter-json-2.4.10.jar:/Users/john/.m2/repository/com/fasterxml/jackson/datatype/jackson-datatype-jdk8/2.11.4/jackson-datatype-jdk8-2.11.4.jar:/Users/john/.m2/repository/com/fasterxml/jackson/datatype/jackson-datatype-jsr310/2.11.4/jackson-datatype-jsr310-2.11.4.jar:/Users/john/.m2/repository/com/fasterxml/jackson/module/jackson-module-parameter-names/2.11.4/jackson-module-parameter-names-2.11.4.jar:/Users/john/.m2/repository/org/springframework/boot/spring-boot-starter-tomcat/2.4.10/spring-boot-starter-tomcat-2.4.10.jar:/Users/john/.m2/repository/org/apache/tomcat/embed/tomcat-embed-core/9.0.52/tomcat-embed-core-9.0.52.jar:/Users/john/.m2/repository/org/glassfish/jakarta.el/3.0.3/jakarta.el-3.0.3.jar:/Users/john/.m2/repository/org/apache/tomcat/embed/tomcat-embed-websocket/9.0.52/tomcat-embed-websocket-9.0.52.jar:/Users/john/.m2/repository/org/springframework/spring-web/5.3.9/spring-web-5.3.9.jar:/Users/john/.m2/repository/org/springframework/spring-webmvc/5.3.9/spring-webmvc-5.3.9.jar:/Users/john/.m2/repository/org/springframework/boot/spring-boot-configuration-processor/2.4.10/spring-boot-configuration-processor-2.4.10.jar:/Users/john/.m2/repository/org/springframework/boot/spring-boot-starter-test/2.4.10/spring-boot-starter-test-2.4.10.jar:/Users/john/.m2/repository/org/springframework/boot/spring-boot-test/2.4.10/spring-boot-test-2.4.10.jar:/Users/john/.m2/repository/org/springframework/boot/spring-boot-test-autoconfigure/2.4.10/spring-boot-test-autoconfigure-2.4.10.jar:/Users/john/.m2/repository/com/jayway/jsonpath/json-path/2.4.0/json-path-2.4.0.jar:/Users/john/.m2/repository/net/minidev/json-smart/2.3.1/json-smart-2.3.1.jar:/Users/john/.m2/repository/net/minidev/accessors-smart/2.3.1/accessors-smart-2.3.1.jar:/Users/john/.m2/repository/org/ow2/asm/asm/5.0.4/asm-5.0.4.jar:/Users/john/.m2/repository/org/slf4j/slf4j-api/1.7.32/slf4j-api-1.7.32.jar:/Users/john/.m2/repository/jakarta/xml/bind/jakarta.xml.bind-api/2.3.3/jakarta.xml.bind-api-2.3.3.jar:/Users/john/.m2/repository/jakarta/activation/jakarta.activation-api/1.2.2/jakarta.activation-api-1.2.2.jar:/Users/john/.m2/repository/org/assertj/assertj-core/3.18.1/assertj-core-3.18.1.jar:/Users/john/.m2/repository/org/hamcrest/hamcrest/2.2/hamcrest-2.2.jar:/Users/john/.m2/repository/org/junit/jupiter/junit-jupiter/5.7.2/junit-jupiter-5.7.2.jar:/Users/john/.m2/repository/org/junit/jupiter/junit-jupiter-api/5.7.2/junit-jupiter-api-5.7.2.jar:/Users/john/.m2/repository/org/apiguardian/apiguardian-api/1.1.0/apiguardian-api-1.1.0.jar:/Users/john/.m2/repository/org/opentest4j/opentest4j/1.2.0/opentest4j-1.2.0.jar:/Users/john/.m2/repository/org/junit/platform/junit-platform-commons/1.7.2/junit-platform-commons-1.7.2.jar:/Users/john/.m2/repository/org/junit/jupiter/junit-jupiter-params/5.7.2/junit-jupiter-params-5.7.2.jar:/Users/john/.m2/repository/org/junit/jupiter/junit-jupiter-engine/5.7.2/junit-jupiter-engine-5.7.2.jar:/Users/john/.m2/repository/org/junit/platform/junit-platform-engine/1.7.2/junit-platform-engine-1.7.2.jar:/Users/john/.m2/repository/org/mockito/mockito-core/3.6.28/mockito-core-3.6.28.jar:/Users/john/.m2/repository/net/bytebuddy/byte-buddy/1.10.22/byte-buddy-1.10.22.jar:/Users/john/.m2/repository/net/bytebuddy/byte-buddy-agent/1.10.22/byte-buddy-agent-1.10.22.jar:/Users/john/.m2/repository/org/objenesis/objenesis/3.1/objenesis-3.1.jar:/Users/john/.m2/repository/org/mockito/mockito-junit-jupiter/3.6.28/mockito-junit-jupiter-3.6.28.jar:/Users/john/.m2/repository/org/skyscreamer/jsonassert/1.5.0/jsonassert-1.5.0.jar:/Users/john/.m2/repository/com/vaadin/external/google/android-json/0.0.20131108.vaadin1/android-json-0.0.20131108.vaadin1.jar:/Users/john/.m2/repository/org/springframework/spring-core/5.3.9/spring-core-5.3.9.jar:/Users/john/.m2/repository/org/springframework/spring-jcl/5.3.9/spring-jcl-5.3.9.jar:/Users/john/.m2/repository/org/springframework/spring-test/5.3.9/spring-test-5.3.9.jar:/Users/john/.m2/repository/org/xmlunit/xmlunit-core/2.7.0/xmlunit-core-2.7.0.jar:/Users/john/.m2/repository/com/auth0/java-jwt/3.18.3/java-jwt-3.18.3.jar:/Users/john/.m2/repository/com/fasterxml/jackson/core/jackson-databind/2.11.4/jackson-databind-2.11.4.jar:/Users/john/.m2/repository/com/fasterxml/jackson/core/jackson-annotations/2.11.4/jackson-annotations-2.11.4.jar:/Users/john/.m2/repository/com/fasterxml/jackson/core/jackson-core/2.11.4/jackson-core-2.11.4.jar:"/>
    <property name="sun.cpu.endian" value="little"/>
    <property name="user.home" value="/Users/john"/>
    <property name="user.language" value="zh"/>
    <property name="java.specification.vendor" value="Oracle Corporation"/>
    <property name="java.version.date" value="2020-10-20"/>
    <property name="java.home" value="/Library/Java/JavaVirtualMachines/jdk-15.0.1.jdk/Contents/Home"/>
    <property name="file.separator" value="/"/>
    <property name="basedir" value="/Users/john/ProjectWorkSpace/acgs-cms-spring-cloud/authorization"/>
    <property name="java.vm.compressedOopsMode" value="Zero based"/>
    <property name="line.separator" value="&#10;"/>
    <property name="java.specification.name" value="Java Platform API Specification"/>
    <property name="java.vm.specification.vendor" value="Oracle Corporation"/>
    <property name="surefire.real.class.path" value="/Users/john/ProjectWorkSpace/acgs-cms-spring-cloud/authorization/target/surefire/surefirebooter83478973901941620.jar"/>
    <property name="user.script" value="Hans"/>
    <property name="sun.management.compiler" value="HotSpot 64-Bit Tiered Compilers"/>
    <property name="ftp.nonProxyHosts" value="local|*.local|169.254/16|*.169.254/16"/>
    <property name="java.runtime.version" value="15.0.1+9-18"/>
    <property name="user.name" value="john"/>
    <property name="path.separator" value=":"/>
    <property name="os.version" value="10.13.3"/>
    <property name="java.runtime.name" value="Java(TM) SE Runtime Environment"/>
    <property name="file.encoding" value="UTF-8"/>
    <property name="java.vm.name" value="Java HotSpot(TM) 64-Bit Server VM"/>
    <property name="localRepository" value="/Users/john/.m2/repository"/>
    <property name="java.vendor.url.bug" value="https://bugreport.java.com/bugreport/"/>
    <property name="java.io.tmpdir" value="/var/folders/cx/272qdwh57n91c4mq68w2zcm00000gn/T/"/>
    <property name="idea.version" value="2021.3"/>
    <property name="java.version" value="15.0.1"/>
    <property name="user.dir" value="/Users/john/ProjectWorkSpace/acgs-cms-spring-cloud/authorization"/>
    <property name="os.arch" value="x86_64"/>
    <property name="java.vm.specification.name" value="Java Virtual Machine Specification"/>
    <property name="java.library.path" value="/Users/john/Library/Java/Extensions:/Library/Java/Extensions:/Network/Library/Java/Extensions:/System/Library/Java/Extensions:/usr/lib/java:."/>
    <property name="java.vm.info" value="mixed mode, sharing"/>
    <property name="java.vendor" value="Oracle Corporation"/>
    <property name="java.vm.version" value="15.0.1+9-18"/>
    <property name="sun.io.unicode.encoding" value="UnicodeBig"/>
    <property name="socksNonProxyHosts" value="local|*.local|169.254/16|*.169.254/16"/>
    <property name="java.class.version" value="59.0"/>
  </properties>
  <testcase name="test" classname="io.github.acgs.cms.token.DoubleJWTTest" time="0.716"/>
</testsuite>